<?xml version="1.0" encoding="UTF-8"?>
<testng-results ignored="0" total="1" passed="1" failed="0" skipped="0">
  <reporter-output>
  </reporter-output>
  <suite started-at="2021-12-22T16:31:09 IST" name="Suite" finished-at="2021-12-22T16:31:09 IST" duration-ms="53">
    <groups>
    </groups>
    <test started-at="2021-12-22T16:31:09 IST" name="Test" finished-at="2021-12-22T16:31:09 IST" duration-ms="53">
      <class name="com.selenium.TestNG_usingParameters">
        <test-method signature="ParametersTest(java.lang.String)[pri:0, instance:com.selenium.TestNG_usingParameters@7e5afaa6]" started-at="2021-12-22T16:31:09 IST" name="ParametersTest" finished-at="2021-12-22T16:31:09 IST" duration-ms="7" status="PASS">
          <params>
            <param index="0">
              <value>
                <![CDATA[Hemanth Sai]]>
              </value>
            </param>
          </params>
          <reporter-output>
          </reporter-output>
        </test-method> <!-- ParametersTest -->
      </class> <!-- com.selenium.TestNG_usingParameters -->
    </test> <!-- Test -->
  </suite> <!-- Suite -->
</testng-results>
