<?xml version="1.0" encoding="UTF-8"?>
<!-- Generated by org.testng.reporters.JUnitXMLReporter -->
<testsuite ignored="1" hostname="LAPTOP-CCE5B3BJ" failures="0" tests="3" name="Test1" time="0.051" errors="0" timestamp="2021-12-20T16:54:56 IST">
  <testcase classname="com.selenium.Grouping" name="Test1" time="0.007"/>
  <testcase classname="com.selenium.Grouping" name="Test2" time="0.002"/>
  <testcase classname="com.selenium.Grouping" name="Test4" time="0.0"/>
  <testcase classname="com.selenium.Grouping" name="Test3" time="0.0">
    <ignored/>
  </testcase> <!-- Test3 -->
</testsuite> <!-- Test1 -->
